<?xml version="1.0" encoding="UTF-8"?>
<!-- Generated by org.testng.reporters.JUnitReportReporter -->
<testsuite hostname="TCOE-7374JBR-LX" name="com.acn.scenarios.BatchRunner" tests="1" failures="0" timestamp="4 Jan 2018 07:01:40 GMT" time="433.117" errors="0">
  <testcase name="feature" time="433.117" classname="com.acn.scenarios.BatchRunner"/>
</testsuite>
